<?xml version="1.0" encoding="UTF-8"?>
<!-- Generated by org.testng.reporters.JUnitReportReporter -->
<testsuite skipped="0" hostname="LAPTOP-L2LB3A44" name="SearchHotels.BookedHotelTest" tests="1" failures="0" timestamp="2020-06-14T13:50:56 GMT+03:00" time="89.513" errors="0">
  <testcase name="initilize" time="89.513" classname="SearchHotels.BookedHotelTest"/>
</testsuite> <!-- SearchHotels.BookedHotelTest -->
